TN:
SF:src\app.controller.ts
FN:6,(anonymous_2)
FN:9,(anonymous_3)
FNF:2
FNH:2
FNDA:1,(anonymous_2)
FNDA:1,(anonymous_3)
DA:1,1
DA:2,1
DA:5,1
DA:6,1
DA:9,1
DA:10,1
LF:6
LH:6
BRDA:6,0,0,1
BRDA:6,0,1,0
BRDA:6,1,0,1
BRDA:6,1,1,1
BRF:4
BRH:3
end_of_record
TN:
SF:src\app.service.ts
FN:5,(anonymous_1)
FNF:1
FNH:1
FNDA:2,(anonymous_1)
DA:1,2
DA:4,2
DA:6,2
LF:3
LH:3
BRF:0
BRH:0
end_of_record
TN:
SF:src\auth.service.ts
FN:8,isEmailValid
FN:12,isPasswordValid
FN:16,isEmailUnique
FN:17,(anonymous_3)
FN:20,validateRegistration
FN:46,validateLogin
FN:51,(anonymous_6)
FN:73,canAccessAdminPanel
FNF:8
FNH:8
FNDA:6,isEmailValid
FNDA:6,isPasswordValid
FNDA:3,isEmailUnique
FNDA:6,(anonymous_3)
FNDA:4,validateRegistration
FNDA:3,validateLogin
FNDA:6,(anonymous_6)
FNDA:3,canAccessAdminPanel
DA:8,1
DA:9,6
DA:12,1
DA:13,6
DA:16,1
DA:17,6
DA:20,1
DA:24,4
DA:26,4
DA:27,1
DA:30,4
DA:31,1
DA:32,3
DA:33,1
DA:36,4
DA:37,1
DA:40,4
DA:46,1
DA:51,6
DA:53,3
DA:54,1
DA:60,2
DA:61,1
DA:67,1
DA:73,1
DA:74,3
LF:26
LH:26
BRDA:13,0,0,6
BRDA:13,0,1,6
BRDA:26,1,0,1
BRDA:26,1,1,3
BRDA:26,2,0,4
BRDA:26,2,1,3
BRDA:30,3,0,1
BRDA:30,3,1,3
BRDA:32,4,0,1
BRDA:32,4,1,2
BRDA:36,5,0,1
BRDA:36,5,1,3
BRDA:53,6,0,1
BRDA:53,6,1,2
BRDA:60,7,0,1
BRDA:60,7,1,1
BRF:16
BRH:16
end_of_record
